<?xml version="1.0" encoding="UTF-8"?>
<testng-results ignored="0" total="1" passed="1" failed="0" skipped="0">
  <reporter-output>
  </reporter-output>
  <suite started-at="2022-10-02T22:13:52 BST" name="Default Suite" finished-at="2022-10-02T22:14:12 BST" duration-ms="19813">
    <groups>
    </groups>
    <test started-at="2022-10-02T22:13:52 BST" name="SeleniumJavaAssessment" finished-at="2022-10-02T22:14:12 BST" duration-ms="19813">
      <class name="com.qualitest.sjumbe.bookingtests.PositiveBooking">
        <test-method is-config="true" signature="setUp(java.lang.reflect.Method,java.lang.String,java.lang.String,java.lang.String,org.testng.ITestContext)[pri:0, instance:com.qualitest.sjumbe.bookingtests.PositiveBooking@7d3a22a9]" started-at="2022-10-02T22:13:53 BST" name="setUp" finished-at="2022-10-02T22:13:56 BST" duration-ms="3580" status="PASS">
          <params>
            <param index="0">
              <value>
                <![CDATA[public void com.qualitest.sjumbe.bookingtests.PositiveBooking.positiveBookingTest(java.util.Map)]]>
              </value>
            </param>
            <param index="1">
              <value>
                <![CDATA[chrome]]>
              </value>
            </param>
            <param index="2">
              <value is-null="true"/>
            </param>
            <param index="3">
              <value is-null="true"/>
            </param>
            <param index="4">
              <value>
                <![CDATA[org.testng.TestRunner@5377414a]]>
              </value>
            </param>
          </params>
          <reporter-output>
          </reporter-output>
        </test-method> <!-- setUp -->
        <test-method signature="positiveBookingTest(java.util.Map)[pri:0, instance:com.qualitest.sjumbe.bookingtests.PositiveBooking@7d3a22a9]" started-at="2022-10-02T22:13:56 BST" name="positiveBookingTest" data-provider="csvReader" finished-at="2022-10-02T22:14:12 BST" duration-ms="15335" status="PASS">
          <params>
            <param index="0">
              <value>
                <![CDATA[{roomsCost=1,640.00 EUR, extraServicesCost=90.00 EUR, guaranteeOption=Full Prepayment, stayLength=4, vat=108.45 EUR, requiredDeposit=1,640.00 EUR, arrivalDate=20 Jan 2023, roomRate=Rack Rate Standard, thankYouBookingText=Thank you for your booking!, bookingConfirmationEmail=Check your e-mail for booking confirmation., numberOfAdults=2, departureDate=24 Jan 2023, roomType=Deluxe Appartment, totalCost=1,730.00 EUR}]]>
              </value>
            </param>
          </params>
          <reporter-output>
          </reporter-output>
        </test-method> <!-- positiveBookingTest -->
        <test-method is-config="true" signature="tearDown()[pri:0, instance:com.qualitest.sjumbe.bookingtests.PositiveBooking@7d3a22a9]" started-at="2022-10-02T22:14:12 BST" name="tearDown" finished-at="2022-10-02T22:14:12 BST" duration-ms="0" status="PASS">
          <reporter-output>
          </reporter-output>
        </test-method> <!-- tearDown -->
      </class> <!-- com.qualitest.sjumbe.bookingtests.PositiveBooking -->
    </test> <!-- SeleniumJavaAssessment -->
  </suite> <!-- Default Suite -->
</testng-results>
