<?xml version="1.0" encoding="UTF-8"?>
<testng-results ignored="0" total="1" passed="0" failed="1" skipped="0">
  <reporter-output>
  </reporter-output>
  <suite started-at="2022-09-30T17:02:50 BST" name="Default Suite" finished-at="2022-09-30T17:06:30 BST" duration-ms="219477">
    <groups>
    </groups>
    <test started-at="2022-09-30T17:02:50 BST" name="SeleniumBookingAutomation" finished-at="2022-09-30T17:06:30 BST" duration-ms="219477">
      <class name="com.qualitest.sjumbe.bookingtests.PositiveBooking">
        <test-method is-config="true" signature="setUp(java.lang.reflect.Method,java.lang.String,java.lang.String,java.lang.String,org.testng.ITestContext)[pri:0, instance:com.qualitest.sjumbe.bookingtests.PositiveBooking@23529fee]" started-at="2022-09-30T17:02:51 BST" name="setUp" finished-at="2022-09-30T17:02:54 BST" duration-ms="2576" status="PASS">
          <params>
            <param index="0">
              <value>
                <![CDATA[public void com.qualitest.sjumbe.bookingtests.PositiveBooking.positiveBookingTest(java.util.Map)]]>
              </value>
            </param>
            <param index="1">
              <value>
                <![CDATA[chrome]]>
              </value>
            </param>
            <param index="2">
              <value is-null="true"/>
            </param>
            <param index="3">
              <value is-null="true"/>
            </param>
            <param index="4">
              <value>
                <![CDATA[org.testng.TestRunner@2196b8c6]]>
              </value>
            </param>
          </params>
          <reporter-output>
          </reporter-output>
        </test-method> <!-- setUp -->
        <test-method signature="positiveBookingTest(java.util.Map)[pri:0, instance:com.qualitest.sjumbe.bookingtests.PositiveBooking@23529fee]" started-at="2022-09-30T17:02:54 BST" name="positiveBookingTest" data-provider="csvReader" finished-at="2022-09-30T17:06:30 BST" duration-ms="215990" status="FAIL">
          <params>
            <param index="0">
              <value>
                <![CDATA[{roomsCost=1,640.00 EUR, extraServicesCost=90.00 EUR, guaranteeOption=Full Prepayment, stayLength=4, vat=108.45 EUR, requiredDeposit=1,640.00 EUR, arrivalDate=20 Jan 2023, roomRate=Rack Rate Standard, thankYouBookingText=Thank you for your booking!, bookingConfirmationEmail=Check your e-mail for booking confirmation., numberOfAdults=2, departureDate=24 Jan 2023, roomType=Deluxe Appartment, totalCost=1,730.00 EUR}]]>
              </value>
            </param>
          </params>
          <exception class="org.openqa.selenium.TimeoutException">
            <message>
              <![CDATA[Expected condition failed: waiting for visibility of element located by By.xpath: //input[@id='form_charge_template_schema_batch_charges_c223674d0c60ac68295996671973c74b_qty'] (tried for 2 second(s) with 500 milliseconds interval)
Build info: version: '4.4.0', revision: 'e5c75ed026a'
System info: host: 'JUMBEHOME-PC', ip: '192.168.56.1', os.name: 'Windows 10', os.arch: 'amd64', os.version: '10.0', java.version: '17'
Driver info: org.openqa.selenium.chrome.ChromeDriver
Capabilities {acceptInsecureCerts: false, browserName: chrome, browserVersion: 105.0.5195.127, chrome: {chromedriverVersion: 105.0.5195.52 (412c95e51883..., userDataDir: C:\Users\JUMBE_~1\AppData\L...}, goog:chromeOptions: {debuggerAddress: localhost:50931}, networkConnectionEnabled: false, pageLoadStrategy: normal, platformName: WINDOWS, proxy: Proxy(), se:cdp: ws://localhost:50931/devtoo..., se:cdpVersion: 105.0.5195.127, setWindowRect: true, strictFileInteractability: false, timeouts: {implicit: 0, pageLoad: 300000, script: 30000}, unhandledPromptBehavior: dismiss and notify, webauthn:extension:credBlob: true, webauthn:extension:largeBlob: true, webauthn:virtualAuthenticators: true}
Session ID: 021f04957d5f8427130bf2daba7e39b4]]>
            </message>
            <full-stacktrace>
              <![CDATA[org.openqa.selenium.TimeoutException: Expected condition failed: waiting for visibility of element located by By.xpath: //input[@id='form_charge_template_schema_batch_charges_c223674d0c60ac68295996671973c74b_qty'] (tried for 2 second(s) with 500 milliseconds interval)
Build info: version: '4.4.0', revision: 'e5c75ed026a'
System info: host: 'JUMBEHOME-PC', ip: '192.168.56.1', os.name: 'Windows 10', os.arch: 'amd64', os.version: '10.0', java.version: '17'
Driver info: org.openqa.selenium.chrome.ChromeDriver
Capabilities {acceptInsecureCerts: false, browserName: chrome, browserVersion: 105.0.5195.127, chrome: {chromedriverVersion: 105.0.5195.52 (412c95e51883..., userDataDir: C:\Users\JUMBE_~1\AppData\L...}, goog:chromeOptions: {debuggerAddress: localhost:50931}, networkConnectionEnabled: false, pageLoadStrategy: normal, platformName: WINDOWS, proxy: Proxy(), se:cdp: ws://localhost:50931/devtoo..., se:cdpVersion: 105.0.5195.127, setWindowRect: true, strictFileInteractability: false, timeouts: {implicit: 0, pageLoad: 300000, script: 30000}, unhandledPromptBehavior: dismiss and notify, webauthn:extension:credBlob: true, webauthn:extension:largeBlob: true, webauthn:virtualAuthenticators: true}
Session ID: 021f04957d5f8427130bf2daba7e39b4
at org.openqa.selenium.support.ui.WebDriverWait.timeoutException(WebDriverWait.java:87)
at org.openqa.selenium.support.ui.FluentWait.until(FluentWait.java:231)
at com.qualitest.sjumbe.pages.BasePageObject.waitFor(BasePageObject.java:105)
at com.qualitest.sjumbe.pages.BasePageObject.waitForVisibilityOf(BasePageObject.java:87)
at com.qualitest.sjumbe.pages.ExtraServices.addAirportTransfer(ExtraServices.java:26)
at com.qualitest.sjumbe.bookingtests.PositiveBooking.positiveBookingTest(PositiveBooking.java:54)
at java.base/jdk.internal.reflect.NativeMethodAccessorImpl.invoke0(Native Method)
at java.base/jdk.internal.reflect.NativeMethodAccessorImpl.invoke(NativeMethodAccessorImpl.java:77)
at java.base/jdk.internal.reflect.DelegatingMethodAccessorImpl.invoke(DelegatingMethodAccessorImpl.java:43)
at java.base/java.lang.reflect.Method.invoke(Method.java:568)
at org.testng.internal.invokers.MethodInvocationHelper.invokeMethod(MethodInvocationHelper.java:139)
at org.testng.internal.invokers.TestInvoker.invokeMethod(TestInvoker.java:677)
at org.testng.internal.invokers.TestInvoker.invokeTestMethod(TestInvoker.java:221)
at org.testng.internal.invokers.MethodRunner.runInSequence(MethodRunner.java:50)
at org.testng.internal.invokers.TestInvoker$MethodInvocationAgent.invoke(TestInvoker.java:962)
at org.testng.internal.invokers.TestInvoker.invokeTestMethods(TestInvoker.java:194)
at org.testng.internal.invokers.TestMethodWorker.invokeTestMethods(TestMethodWorker.java:148)
at org.testng.internal.invokers.TestMethodWorker.run(TestMethodWorker.java:128)
at java.base/java.util.ArrayList.forEach(ArrayList.java:1511)
at org.testng.TestRunner.privateRun(TestRunner.java:806)
at org.testng.TestRunner.run(TestRunner.java:601)
at org.testng.SuiteRunner.runTest(SuiteRunner.java:433)
at org.testng.SuiteRunner.runSequentially(SuiteRunner.java:427)
at org.testng.SuiteRunner.privateRun(SuiteRunner.java:387)
at org.testng.SuiteRunner.run(SuiteRunner.java:330)
at org.testng.SuiteRunnerWorker.runSuite(SuiteRunnerWorker.java:52)
at org.testng.SuiteRunnerWorker.run(SuiteRunnerWorker.java:95)
at org.testng.TestNG.runSuitesSequentially(TestNG.java:1256)
at org.testng.TestNG.runSuitesLocally(TestNG.java:1176)
at org.testng.TestNG.runSuites(TestNG.java:1099)
at org.testng.TestNG.run(TestNG.java:1067)
at com.intellij.rt.testng.IDEARemoteTestNG.run(IDEARemoteTestNG.java:66)
at com.intellij.rt.testng.RemoteTestNGStarter.main(RemoteTestNGStarter.java:109)
]]>
            </full-stacktrace>
          </exception> <!-- org.openqa.selenium.TimeoutException -->
          <reporter-output>
          </reporter-output>
        </test-method> <!-- positiveBookingTest -->
        <test-method is-config="true" signature="tearDown()[pri:0, instance:com.qualitest.sjumbe.bookingtests.PositiveBooking@23529fee]" started-at="2022-09-30T17:06:30 BST" name="tearDown" finished-at="2022-09-30T17:06:30 BST" duration-ms="1" status="PASS">
          <reporter-output>
          </reporter-output>
        </test-method> <!-- tearDown -->
      </class> <!-- com.qualitest.sjumbe.bookingtests.PositiveBooking -->
    </test> <!-- SeleniumBookingAutomation -->
  </suite> <!-- Default Suite -->
</testng-results>
